<?xml version="1.0" encoding="UTF-8"?>
<testsuite xmlns:xsi="http://www.w3.org/2001/XMLSchema-instance" xsi:noNamespaceSchemaLocation="https://maven.apache.org/surefire/maven-surefire-plugin/xsd/surefire-test-report.xsd" version="3.0.2" name="com.mac.arbitrator.ArbitratorApplicationTests" time="10.682" tests="1" errors="0" skipped="0" failures="0">
  <properties>
[...]
</properties>
  <testcase name="contextLoads" classname="com.mac.arbitrator.ArbitratorApplicationTests" time="0.673">
    <system-out><![CDATA[12:12:14.709 [main] INFO org.springframework.test.context.support.AnnotationConfigContextLoaderUtils -- Could not detect default configuration classes for test class [com.mac.arbitrator.ArbitratorApplicationTests]: ArbitratorApplicationTests does not declare any static, non-private, non-final, nested classes annotated with @Configuration.
12:12:14.916 [main] INFO org.springframework.boot.test.context.SpringBootTestContextBootstrapper -- Found @SpringBootConfiguration com.mac.arbitrator.ArbitratorApplication for test class com.mac.arbitrator.ArbitratorApplicationTests
12:12:15.270 [main] INFO org.springframework.boot.devtools.restart.RestartApplicationListener -- Restart disabled due to context in which it is running

  .   ____          _            __ _ _
 /\\ / ___'_ __ _ _(_)_ __  __ _ \ \ \ \
( ( )\___ | '_ | '_| | '_ \/ _` | \ \ \ \
 \\/  ___)| |_)| | | | | || (_| |  ) ) ) )
  '  |____| .__|_| |_|_| |_\__, | / / / /
 =========|_|==============|___/=/_/_/_/

 :: Spring Boot ::                (v3.5.5)

2025-12-22T12:12:15.764+05:30  WARN 15972 --- [arbitrator] [           main] ory$DuplicateJsonObjectContextCustomizer : 

Found multiple occurrences of org.json.JSONObject on the class path:

	jar:file:/C:/Users/Webzworld-Perfection/.m2/repository/org/json/json/20231013/json-20231013.jar!/org/json/JSONObject.class
	jar:file:/C:/Users/Webzworld-Perfection/.m2/repository/com/vaadin/external/google/android-json/0.0.20131108.vaadin1/android-json-0.0.20131108.vaadin1.jar!/org/json/JSONObject.class

You may wish to exclude one of them to ensure predictable runtime behavior

2025-12-22T12:12:15.786+05:30  INFO 15972 --- [arbitrator] [           main] c.m.a.ArbitratorApplicationTests         : Starting ArbitratorApplicationTests using Java 17.0.15 with PID 15972 (started by Webzworld-Perfection in C:\Users\Webzworld-Perfection\Desktop\Arbritrator\ArbritatorBackend\arbitrator-api)
2025-12-22T12:12:15.787+05:30  INFO 15972 --- [arbitrator] [           main] c.m.a.ArbitratorApplicationTests         : No active profile set, falling back to 1 default profile: "default"
2025-12-22T12:12:17.064+05:30  INFO 15972 --- [arbitrator] [           main] .s.d.r.c.RepositoryConfigurationDelegate : Bootstrapping Spring Data JPA repositories in DEFAULT mode.
2025-12-22T12:12:17.217+05:30  INFO 15972 --- [arbitrator] [           main] .s.d.r.c.RepositoryConfigurationDelegate : Finished Spring Data repository scanning in 143 ms. Found 19 JPA repository interfaces.
2025-12-22T12:12:17.910+05:30  INFO 15972 --- [arbitrator] [           main] o.hibernate.jpa.internal.util.LogHelper  : HHH000204: Processing PersistenceUnitInfo [name: default]
2025-12-22T12:12:18.008+05:30  INFO 15972 --- [arbitrator] [           main] org.hibernate.Version                    : HHH000412: Hibernate ORM core version 6.6.26.Final
2025-12-22T12:12:18.075+05:30  INFO 15972 --- [arbitrator] [           main] o.h.c.internal.RegionFactoryInitiator    : HHH000026: Second-level cache disabled
2025-12-22T12:12:18.573+05:30  INFO 15972 --- [arbitrator] [           main] o.s.o.j.p.SpringPersistenceUnitInfo      : No LoadTimeWeaver setup: ignoring JPA class transformer
2025-12-22T12:12:20.221+05:30  WARN 15972 --- [arbitrator] [           main] org.hibernate.orm.deprecation            : HHH90000025: MySQLDialect does not need to be specified explicitly using 'hibernate.dialect' (remove the property setting and it will be selected by default)
2025-12-22T12:12:20.255+05:30  INFO 15972 --- [arbitrator] [           main] org.hibernate.orm.connections.pooling    : HHH10001005: Database info:
	Database JDBC URL [Connecting through datasource 'HikariDataSource (HikariPool-1)']
	Database driver: undefined/unknown
	Database version: 8.0.43
	Autocommit mode: undefined/unknown
	Isolation level: undefined/unknown
	Minimum pool size: undefined/unknown
	Maximum pool size: undefined/unknown
2025-12-22T12:12:21.591+05:30  INFO 15972 --- [arbitrator] [           main] o.h.e.t.j.p.i.JtaPlatformInitiator       : HHH000489: No JTA platform available (set 'hibernate.transaction.jta.platform' to enable JTA platform integration)
2025-12-22T12:12:21.742+05:30  INFO 15972 --- [arbitrator] [           main] j.LocalContainerEntityManagerFactoryBean : Initialized JPA EntityManagerFactory for persistence unit 'default'
2025-12-22T12:12:22.326+05:30  INFO 15972 --- [arbitrator] [           main] o.s.d.j.r.query.QueryEnhancerFactory     : Hibernate is in classpath; If applicable, HQL parser will be used.
2025-12-22T12:12:23.327+05:30  INFO 15972 --- [arbitrator] [           main] eAuthenticationProviderManagerConfigurer : Global AuthenticationManager configured with AuthenticationProvider bean with name authenticationProvider
2025-12-22T12:12:23.328+05:30  WARN 15972 --- [arbitrator] [           main] r$InitializeUserDetailsManagerConfigurer : Global AuthenticationManager configured with an AuthenticationProvider bean. UserDetailsService beans will not be used by Spring Security for automatically configuring username/password login. Consider removing the AuthenticationProvider bean. Alternatively, consider using the UserDetailsService in a manually instantiated DaoAuthenticationProvider. If the current configuration is intentional, to turn off this warning, increase the logging level of 'org.springframework.security.config.annotation.authentication.configuration.InitializeUserDetailsBeanManagerConfigurer' to ERROR
2025-12-22T12:12:23.352+05:30  WARN 15972 --- [arbitrator] [           main] JpaBaseConfiguration$JpaWebConfiguration : spring.jpa.open-in-view is enabled by default. Therefore, database queries may be performed during view rendering. Explicitly configure spring.jpa.open-in-view to disable this warning
2025-12-22T12:12:24.397+05:30  INFO 15972 --- [arbitrator] [           main] c.m.a.ArbitratorApplicationTests         : Started ArbitratorApplicationTests in 9.146 seconds (process running for 10.879)
ℹ️ Role already exists: ADMIN
ℹ️ Role already exists: USER
ℹ️ Role already exists: STAGNO
ℹ️ Role already exists: ARBITRATOR
ℹ️ Admin user already exists.
]]></system-out>
  </testcase>
</testsuite>